[debug] [2020-07-23T23:24:33.866Z] ----------------------------------------------------------------------
[debug] [2020-07-23T23:24:33.870Z] Command:       C:\Program Files\nodejs\node.exe C:\Users\Sandro\AppData\Roaming\npm\node_modules\firebase-tools\lib\bin\firebase.js init
[debug] [2020-07-23T23:24:33.870Z] CLI Version:   8.6.0
[debug] [2020-07-23T23:24:33.870Z] Platform:      win32
[debug] [2020-07-23T23:24:33.870Z] Node Version:  v12.16.1
[debug] [2020-07-23T23:24:33.871Z] Time:          Fri Jul 24 2020 03:24:33 GMT+0400 (Georgia Standard Time)
[debug] [2020-07-23T23:24:33.871Z] ----------------------------------------------------------------------
[debug] [2020-07-23T23:24:33.871Z] 
[debug] [2020-07-23T23:24:33.885Z] > command requires scopes: ["email","openid","https://www.googleapis.com/auth/cloudplatformprojects.readonly","https://www.googleapis.com/auth/firebase","https://www.googleapis.com/auth/cloud-platform"]
[debug] [2020-07-23T23:24:33.886Z] > authorizing via signed-in user
[info] 
     ######## #### ########  ######## ########     ###     ######  ########
     ##        ##  ##     ## ##       ##     ##  ##   ##  ##       ##
     ######    ##  ########  ######   ########  #########  ######  ######
     ##        ##  ##    ##  ##       ##     ## ##     ##       ## ##
     ##       #### ##     ## ######## ########  ##     ##  ######  ########

You're about to initialize a Firebase project in this directory:

  C:\Users\Sandro\Desktop\React\control-panel-firebase

Before we get started, keep in mind:

  * You are initializing in an existing Firebase project directory

[info] 
=== Project Setup
[info] 
[info] First, let's associate this project directory with a Firebase project.
[info] You can create multiple project aliases by running firebase use --add, 
[info] but for now we'll just set up a default project.
[info] 
[info] i  .firebaserc already has a default project, using control-panel-firebase. 
[debug] [2020-07-23T23:24:45.678Z] >>> HTTP REQUEST GET https://firebase.googleapis.com/v1beta1/projects/control-panel-firebase  
 
[debug] [2020-07-23T23:24:46.319Z] <<< HTTP RESPONSE 200 {"content-type":"application/json; charset=UTF-8","vary":"X-Origin, Referer, Origin,Accept-Encoding","date":"Thu, 23 Jul 2020 23:24:46 GMT","server":"ESF","cache-control":"private","x-xss-protection":"0","x-frame-options":"SAMEORIGIN","x-content-type-options":"nosniff","alt-svc":"h3-29=\":443\"; ma=2592000,h3-27=\":443\"; ma=2592000,h3-25=\":443\"; ma=2592000,h3-T050=\":443\"; ma=2592000,h3-Q050=\":443\"; ma=2592000,h3-Q046=\":443\"; ma=2592000,h3-Q043=\":443\"; ma=2592000,quic=\":443\"; ma=2592000; v=\"46,43\"","accept-ranges":"none","transfer-encoding":"chunked"}
[info] 
=== Firestore Setup
[debug] [2020-07-23T23:24:46.333Z] >>> HTTP REQUEST GET https://serviceusage.googleapis.com/v1/projects/control-panel-firebase/services/firestore.googleapis.com  
 
[debug] [2020-07-23T23:24:57.558Z] Error: getaddrinfo ENOTFOUND serviceusage.googleapis.com
    at GetAddrInfoReqWrap.onlookup [as oncomplete] (dns.js:64:26)
[error] 
[error] Error: Server Error. getaddrinfo ENOTFOUND serviceusage.googleapis.com
[debug] [2020-07-23T23:25:00.370Z] ----------------------------------------------------------------------
[debug] [2020-07-23T23:25:00.374Z] Command:       C:\Program Files\nodejs\node.exe C:\Users\Sandro\AppData\Roaming\npm\node_modules\firebase-tools\lib\bin\firebase.js deploy
[debug] [2020-07-23T23:25:00.374Z] CLI Version:   8.6.0
[debug] [2020-07-23T23:25:00.374Z] Platform:      win32
[debug] [2020-07-23T23:25:00.374Z] Node Version:  v12.16.1
[debug] [2020-07-23T23:25:00.375Z] Time:          Fri Jul 24 2020 03:25:00 GMT+0400 (Georgia Standard Time)
[debug] [2020-07-23T23:25:00.375Z] ----------------------------------------------------------------------
[debug] [2020-07-23T23:25:00.376Z] 
[debug] [2020-07-23T23:25:00.387Z] > command requires scopes: ["email","openid","https://www.googleapis.com/auth/cloudplatformprojects.readonly","https://www.googleapis.com/auth/firebase","https://www.googleapis.com/auth/cloud-platform"]
[debug] [2020-07-23T23:25:00.388Z] > authorizing via signed-in user
[debug] [2020-07-23T23:25:00.389Z] [iam] checking project control-panel-firebase for permissions ["datastore.indexes.create","datastore.indexes.delete","datastore.indexes.list","datastore.indexes.update","firebase.projects.get","firebasehosting.sites.update"]
[debug] [2020-07-23T23:25:00.393Z] >>> HTTP REQUEST POST https://cloudresourcemanager.googleapis.com/v1/projects/control-panel-firebase:testIamPermissions  
 {"permissions":["datastore.indexes.create","datastore.indexes.delete","datastore.indexes.list","datastore.indexes.update","firebase.projects.get","firebasehosting.sites.update"]}
[debug] [2020-07-23T23:25:01.806Z] <<< HTTP RESPONSE 200 {"content-type":"application/json; charset=UTF-8","vary":"X-Origin, Referer, Origin,Accept-Encoding","date":"Thu, 23 Jul 2020 23:25:01 GMT","server":"ESF","cache-control":"private","x-xss-protection":"0","x-frame-options":"SAMEORIGIN","x-content-type-options":"nosniff","server-timing":"gfet4t7; dur=861","alt-svc":"h3-29=\":443\"; ma=2592000,h3-27=\":443\"; ma=2592000,h3-T050=\":443\"; ma=2592000,h3-Q050=\":443\"; ma=2592000,h3-Q046=\":443\"; ma=2592000,h3-Q043=\":443\"; ma=2592000,quic=\":443\"; ma=2592000; v=\"46,43\"","accept-ranges":"none","transfer-encoding":"chunked"}
[debug] [2020-07-23T23:25:01.814Z] >>> HTTP REQUEST GET https://firebase.googleapis.com/v1beta1/projects/control-panel-firebase  
 
[debug] [2020-07-23T23:25:02.269Z] <<< HTTP RESPONSE 200 {"content-type":"application/json; charset=UTF-8","vary":"X-Origin, Referer, Origin,Accept-Encoding","date":"Thu, 23 Jul 2020 23:25:02 GMT","server":"ESF","cache-control":"private","x-xss-protection":"0","x-frame-options":"SAMEORIGIN","x-content-type-options":"nosniff","alt-svc":"h3-29=\":443\"; ma=2592000,h3-27=\":443\"; ma=2592000,h3-25=\":443\"; ma=2592000,h3-T050=\":443\"; ma=2592000,h3-Q050=\":443\"; ma=2592000,h3-Q046=\":443\"; ma=2592000,h3-Q043=\":443\"; ma=2592000,quic=\":443\"; ma=2592000; v=\"46,43\"","accept-ranges":"none","transfer-encoding":"chunked"}
[info] 
[info] === Deploying to 'control-panel-firebase'...
[info] 
[info] i  deploying firestore, hosting 
[info] i  firestore: reading indexes from firestore.indexes.json... 
[info] i  cloud.firestore: checking firestore.rules for compilation errors... 
[debug] [2020-07-23T23:25:02.302Z] >>> HTTP REQUEST POST https://firebaserules.googleapis.com/v1/projects/control-panel-firebase:test  
 {"source":{"files":[{"name":"firestore.rules","content":"// Allow read/write access on all documents to any user signed in to the application\nservice cloud.firestore {\n  match /databases/{database}/documents {\n    match /{document=**} {\n      allow read, write: if request.auth != null;\n    }\n  }\n}\n"}]}}
[debug] [2020-07-23T23:25:03.464Z] <<< HTTP RESPONSE 200 {"content-type":"application/json; charset=UTF-8","vary":"X-Origin, Referer, Origin,Accept-Encoding","date":"Thu, 23 Jul 2020 23:25:03 GMT","server":"ESF","cache-control":"private","x-xss-protection":"0","x-frame-options":"SAMEORIGIN","x-content-type-options":"nosniff","alt-svc":"h3-29=\":443\"; ma=2592000,h3-27=\":443\"; ma=2592000,h3-25=\":443\"; ma=2592000,h3-T050=\":443\"; ma=2592000,h3-Q050=\":443\"; ma=2592000,h3-Q046=\":443\"; ma=2592000,h3-Q043=\":443\"; ma=2592000,quic=\":443\"; ma=2592000; v=\"46,43\"","accept-ranges":"none","transfer-encoding":"chunked"}
[warn] !  [W] undefined:undefined - Ruleset uses old version (version [1]). Please update to the latest version (version [2]). 
[info] +  cloud.firestore: rules file firestore.rules compiled successfully 
[debug] [2020-07-23T23:25:03.482Z] >>> HTTP REQUEST POST https://firebasehosting.googleapis.com/v1beta1/sites/control-panel-firebase/versions  
 {"config":{"rewrites":[{"glob":"**","path":"/index.html"}]},"labels":{"deployment-tool":"cli-firebase"}}
[debug] [2020-07-23T23:25:06.275Z] <<< HTTP RESPONSE 200 {"content-type":"application/json; charset=UTF-8","vary":"X-Origin, Referer, Origin,Accept-Encoding","date":"Thu, 23 Jul 2020 23:25:06 GMT","server":"ESF","cache-control":"private","x-xss-protection":"0","x-frame-options":"SAMEORIGIN","x-content-type-options":"nosniff","alt-svc":"h3-29=\":443\"; ma=2592000,h3-27=\":443\"; ma=2592000,h3-T050=\":443\"; ma=2592000,h3-Q050=\":443\"; ma=2592000,h3-Q046=\":443\"; ma=2592000,h3-Q043=\":443\"; ma=2592000,quic=\":443\"; ma=2592000; v=\"46,43\"","accept-ranges":"none","transfer-encoding":"chunked"}
[debug] [2020-07-23T23:25:06.289Z] >>> HTTP REQUEST GET https://firebaserules.googleapis.com/v1/projects/control-panel-firebase/releases?pageSize=10&pageToken=  
 
[debug] [2020-07-23T23:25:06.291Z] >>> HTTP REQUEST GET https://firestore.googleapis.com/v1/projects/control-panel-firebase/databases/(default)/collectionGroups/-/indexes  
 
[debug] [2020-07-23T23:25:07.260Z] <<< HTTP RESPONSE 200 {"content-type":"application/json; charset=UTF-8","vary":"X-Origin, Referer, Origin,Accept-Encoding","date":"Thu, 23 Jul 2020 23:25:07 GMT","server":"ESF","cache-control":"private","x-xss-protection":"0","x-frame-options":"SAMEORIGIN","x-content-type-options":"nosniff","alt-svc":"h3-29=\":443\"; ma=2592000,h3-27=\":443\"; ma=2592000,h3-25=\":443\"; ma=2592000,h3-T050=\":443\"; ma=2592000,h3-Q050=\":443\"; ma=2592000,h3-Q046=\":443\"; ma=2592000,h3-Q043=\":443\"; ma=2592000,quic=\":443\"; ma=2592000; v=\"46,43\"","accept-ranges":"none","transfer-encoding":"chunked"}
[debug] [2020-07-23T23:25:07.266Z] >>> HTTP REQUEST GET https://firebaserules.googleapis.com/v1/projects/control-panel-firebase/rulesets/93e7ddd3-832f-4642-a130-bdbc855ea534  
 
[debug] [2020-07-23T23:25:08.285Z] <<< HTTP RESPONSE 200 {"content-type":"application/json; charset=UTF-8","vary":"X-Origin, Referer, Origin,Accept-Encoding","date":"Thu, 23 Jul 2020 23:25:08 GMT","server":"ESF","cache-control":"private","x-xss-protection":"0","x-frame-options":"SAMEORIGIN","x-content-type-options":"nosniff","alt-svc":"h3-29=\":443\"; ma=2592000,h3-27=\":443\"; ma=2592000,h3-25=\":443\"; ma=2592000,h3-T050=\":443\"; ma=2592000,h3-Q050=\":443\"; ma=2592000,h3-Q046=\":443\"; ma=2592000,h3-Q043=\":443\"; ma=2592000,quic=\":443\"; ma=2592000; v=\"46,43\"","accept-ranges":"none","transfer-encoding":"chunked"}
[info] i  firestore: latest version of firestore.rules already up to date, skipping upload... 
[debug] [2020-07-23T23:25:17.408Z] Error: getaddrinfo ENOTFOUND firestore.googleapis.com
    at GetAddrInfoReqWrap.onlookup [as oncomplete] (dns.js:64:26)
[error] 
[error] Error: Server Error. getaddrinfo ENOTFOUND firestore.googleapis.com
